2024-12-20 19:42:44,191 - 98277 - INFO - Starting Memory API service - Process ID: 98277
2024-12-20 19:42:44,192 - 98277 - INFO - Neo4j URI: neo4j+s://9e43beb7.databases.neo4j.io
2024-12-20 19:42:44,192 - 98277 - INFO - Qdrant URL: https://6a0abcb4-1b83-4ce0-afba-9189534d8e2d.us-east4-0.gcp.cloud.qdrant.io
2024-12-20 19:42:44,192 - 98277 - INFO - Configuration loaded successfully
2024-12-20 19:49:41,765 - 99456 - INFO - Starting Memory API service - Process ID: 99456
2024-12-20 19:49:41,765 - 99456 - INFO - Neo4j URI: neo4j+s://9e43beb7.databases.neo4j.io
2024-12-20 19:49:41,766 - 99456 - INFO - Qdrant URL: https://6a0abcb4-1b83-4ce0-afba-9189534d8e2d.us-east4-0.gcp.cloud.qdrant.io
2024-12-20 19:49:41,766 - 99456 - INFO - Configuration loaded successfully
2024-12-20 19:51:05,230 - 99456 - INFO - Querying memory - Query: '<@1074617018218717204> hi'
2024-12-20 19:51:05,230 - 99456 - INFO - Querying memory - Query: '<@1074617018218717204> hi'
2024-12-20 19:51:05,230 - 99456 - INFO - Querying memory - Query: '<@1074617018218717204> hi'
2024-12-20 19:51:06,850 - 99456 - INFO - Query completed in 1.62s - Found 2 results
2024-12-20 19:51:06,851 - 99456 - INFO - Query completed in 1.62s - Found 2 results
2024-12-20 19:51:06,851 - 99456 - INFO - Query completed in 1.62s - Found 2 results
2024-12-20 19:53:04,095 - 99456 - INFO - Querying memory - Query: '<@1074617018218717204> hi'
2024-12-20 19:53:04,095 - 99456 - INFO - Querying memory - Query: '<@1074617018218717204> hi'
2024-12-20 19:53:04,096 - 99456 - INFO - Querying memory - Query: '<@1074617018218717204> hi'
2024-12-20 19:53:05,376 - 99456 - INFO - Query completed in 1.27s - Found 2 results
2024-12-20 19:53:05,378 - 99456 - INFO - Query completed in 1.28s - Found 2 results
2024-12-20 19:53:05,606 - 99456 - INFO - Query completed in 1.51s - Found 2 results
2024-12-20 19:54:28,704 - 99782 - INFO - Starting Memory API service - Process ID: 99782
2024-12-20 19:54:28,705 - 99782 - INFO - Neo4j URI: neo4j+s://9e43beb7.databases.neo4j.io
2024-12-20 19:54:28,705 - 99782 - INFO - Qdrant URL: https://6a0abcb4-1b83-4ce0-afba-9189534d8e2d.us-east4-0.gcp.cloud.qdrant.io
2024-12-20 19:54:28,705 - 99782 - INFO - Configuration loaded successfully
2024-12-20 19:54:45,541 - 99782 - INFO - Incoming POST request to /query: {
  "endpoint": "/query",
  "query": "<@1074617018218717204> hi",
  "agent_id": "quest_boo",
  "user_id": "world_knowledge",
  "limit": 5
}
2024-12-20 19:54:45,541 - 99782 - INFO - Incoming POST request to /query: {
  "endpoint": "/query",
  "query": "<@1074617018218717204> hi",
  "agent_id": "quest_boo",
  "user_id": "self_knowledge",
  "limit": 5
}
2024-12-20 19:54:45,545 - 99782 - INFO - Incoming POST request to /query: {
  "endpoint": "/query",
  "query": "<@1074617018218717204> hi",
  "agent_id": "quest_boo",
  "user_id": "user_specific_knowledge",
  "limit": 5
}
2024-12-20 19:54:46,872 - 99782 - INFO - Response from /query: {
  "execution_time_seconds": 1.32697,
  "results_count": 2,
  "results": {
    "results": [],
    "relations": []
  }
}
2024-12-20 19:54:47,050 - 99782 - INFO - Response from /query: {
  "execution_time_seconds": 1.508562,
  "results_count": 2,
  "results": {
    "results": [],
    "relations": []
  }
}
2024-12-20 19:54:47,214 - 99782 - INFO - Response from /query: {
  "execution_time_seconds": 1.665947,
  "results_count": 2,
  "results": {
    "results": [],
    "relations": []
  }
}
2024-12-20 19:57:16,164 - 99969 - INFO - Neo4j schema already exists, skipping initialization
2024-12-20 19:57:18,071 - 99969 - INFO - Starting Memory API service - Process ID: 99969
2024-12-20 19:57:18,072 - 99969 - INFO - Neo4j URI: neo4j+s://9e43beb7.databases.neo4j.io
2024-12-20 19:57:18,072 - 99969 - INFO - Qdrant URL: https://6a0abcb4-1b83-4ce0-afba-9189534d8e2d.us-east4-0.gcp.cloud.qdrant.io
2024-12-20 19:57:18,072 - 99969 - INFO - Configuration loaded successfully
